<?xml version="1.0" encoding="UTF-8"?>
<testsuite tests="2" failures="0" timestamp="2023-08-01T11:26:12">

  <testcase name="test_pinned_package_config_file_present_repaired">Test that config file for pinned package is present</testcase>
  <testcase name="test_pinned_package_config_file_absent_repaired">Test that config file for pinned package is absent</testcase>




</testsuite>

<!-- not implemented (yet):
1) errors: <error message="my error message">my crash report</error>
2) STDOUT: <system-out>my STDOUT dump</system-out>
3) STDERR: <system-err>my STDERR dump</system-err>
 -->
